<?xml version="1.0" encoding="UTF-8"?>
<testng-results ignored="0" total="1" passed="0" failed="1" skipped="0">
  <reporter-output>
  </reporter-output>
  <suite started-at="2022-07-15T03:27:39 IST" name="demo" finished-at="2022-07-15T03:29:03 IST" duration-ms="84223">
    <groups>
    </groups>
    <test started-at="2022-07-15T03:27:39 IST" name="fb_login" finished-at="2022-07-15T03:29:03 IST" duration-ms="84223">
      <class name="com.facebook.testCases.TC_LogInTest_001_To_004">
        <test-method is-config="true" signature="startBrowser(java.lang.String)[pri:0, instance:com.facebook.testCases.TC_LogInTest_001_To_004@5fd4f8f5]" started-at="2022-07-15T03:27:39 IST" name="startBrowser" finished-at="2022-07-15T03:28:34 IST" duration-ms="54472" status="PASS">
          <params>
            <param index="0">
              <value>
                <![CDATA[chrome]]>
              </value>
            </param>
          </params>
          <reporter-output>
          </reporter-output>
        </test-method> <!-- startBrowser -->
        <test-method signature="loginProcedure(java.lang.String,java.lang.String)[pri:0, instance:com.facebook.testCases.TC_LogInTest_001_To_004@5fd4f8f5]" started-at="2022-07-15T03:28:34 IST" name="loginProcedure" data-provider="dataForLogin" finished-at="2022-07-15T03:28:59 IST" duration-ms="25657" status="FAIL">
          <params>
            <param index="0">
              <value>
                <![CDATA[7776817878]]>
              </value>
            </param>
            <param index="1">
              <value>
                <![CDATA[7776817979]]>
              </value>
            </param>
          </params>
          <exception class="org.openqa.selenium.InvalidSelectorException">
            <message>
              <![CDATA[invalid selector: Unable to locate an element with the xpath expression //div[@class=\"uiContextualLayerParent _csi\"]//child::a[2] because of the following error:
SyntaxError: Failed to execute 'evaluate' on 'Document': The string '//div[@class=\"uiContextualLayerParent _csi\"]//child::a[2]' is not a valid XPath expression.
  (Session info: chrome=103.0.5060.114)
For documentation on this error, please visit: https://selenium.dev/exceptions/#invalid_selector_exception
Build info: version: '4.2.2', revision: '683ccb65d6'
System info: host: 'LAPTOP-3PLMLOHF', ip: '192.168.15.220', os.name: 'Windows 11', os.arch: 'amd64', os.version: '10.0', java.version: '18.0.1.1'
Driver info: org.openqa.selenium.chrome.ChromeDriver
Command: [51949b3cd4175201951a949797debb0f, findElement {using=xpath, value=//div[@class=\"uiContextualLayerParent _csi\"]//child::a[2]}]
Capabilities {acceptInsecureCerts: false, browserName: chrome, browserVersion: 103.0.5060.114, chrome: {chromedriverVersion: 103.0.5060.53 (a1711811edd7..., userDataDir: C:\Users\kalas\AppData\Loca...}, goog:chromeOptions: {debuggerAddress: localhost:52625}, networkConnectionEnabled: false, pageLoadStrategy: normal, platformName: WINDOWS, proxy: Proxy(), se:cdp: ws://localhost:52625/devtoo..., se:cdpVersion: 103.0.5060.114, setWindowRect: true, strictFileInteractability: false, timeouts: {implicit: 0, pageLoad: 300000, script: 30000}, unhandledPromptBehavior: dismiss and notify, webauthn:extension:credBlob: true, webauthn:extension:largeBlob: true, webauthn:virtualAuthenticators: true}
Session ID: 51949b3cd4175201951a949797debb0f]]>
            </message>
            <full-stacktrace>
              <![CDATA[org.openqa.selenium.InvalidSelectorException: invalid selector: Unable to locate an element with the xpath expression //div[@class=\"uiContextualLayerParent _csi\"]//child::a[2] because of the following error:
SyntaxError: Failed to execute 'evaluate' on 'Document': The string '//div[@class=\"uiContextualLayerParent _csi\"]//child::a[2]' is not a valid XPath expression.
  (Session info: chrome=103.0.5060.114)
For documentation on this error, please visit: https://selenium.dev/exceptions/#invalid_selector_exception
Build info: version: '4.2.2', revision: '683ccb65d6'
System info: host: 'LAPTOP-3PLMLOHF', ip: '192.168.15.220', os.name: 'Windows 11', os.arch: 'amd64', os.version: '10.0', java.version: '18.0.1.1'
Driver info: org.openqa.selenium.chrome.ChromeDriver
Command: [51949b3cd4175201951a949797debb0f, findElement {using=xpath, value=//div[@class=\"uiContextualLayerParent _csi\"]//child::a[2]}]
Capabilities {acceptInsecureCerts: false, browserName: chrome, browserVersion: 103.0.5060.114, chrome: {chromedriverVersion: 103.0.5060.53 (a1711811edd7..., userDataDir: C:\Users\kalas\AppData\Loca...}, goog:chromeOptions: {debuggerAddress: localhost:52625}, networkConnectionEnabled: false, pageLoadStrategy: normal, platformName: WINDOWS, proxy: Proxy(), se:cdp: ws://localhost:52625/devtoo..., se:cdpVersion: 103.0.5060.114, setWindowRect: true, strictFileInteractability: false, timeouts: {implicit: 0, pageLoad: 300000, script: 30000}, unhandledPromptBehavior: dismiss and notify, webauthn:extension:credBlob: true, webauthn:extension:largeBlob: true, webauthn:virtualAuthenticators: true}
Session ID: 51949b3cd4175201951a949797debb0f
at java.base/jdk.internal.reflect.DirectConstructorHandleAccessor.newInstance(DirectConstructorHandleAccessor.java:67)
at java.base/java.lang.reflect.Constructor.newInstanceWithCaller(Constructor.java:499)
at java.base/java.lang.reflect.Constructor.newInstance(Constructor.java:483)
at org.openqa.selenium.remote.codec.w3c.W3CHttpResponseCodec.createException(W3CHttpResponseCodec.java:200)
at org.openqa.selenium.remote.codec.w3c.W3CHttpResponseCodec.decode(W3CHttpResponseCodec.java:133)
at org.openqa.selenium.remote.codec.w3c.W3CHttpResponseCodec.decode(W3CHttpResponseCodec.java:53)
at org.openqa.selenium.remote.HttpCommandExecutor.execute(HttpCommandExecutor.java:184)
at org.openqa.selenium.remote.service.DriverCommandExecutor.invokeExecute(DriverCommandExecutor.java:167)
at org.openqa.selenium.remote.service.DriverCommandExecutor.execute(DriverCommandExecutor.java:142)
at org.openqa.selenium.remote.RemoteWebDriver.execute(RemoteWebDriver.java:588)
at org.openqa.selenium.remote.ElementLocation$ElementFinder$2.findElement(ElementLocation.java:162)
at org.openqa.selenium.remote.ElementLocation.findElement(ElementLocation.java:60)
at org.openqa.selenium.remote.RemoteWebDriver.findElement(RemoteWebDriver.java:406)
at org.openqa.selenium.remote.RemoteWebDriver.findElement(RemoteWebDriver.java:398)
at com.facebook.testCases.TC_LogInTest_001_To_004.loginProcedure(TC_LogInTest_001_To_004.java:45)
at java.base/jdk.internal.reflect.DirectMethodHandleAccessor.invoke(DirectMethodHandleAccessor.java:104)
at java.base/java.lang.reflect.Method.invoke(Method.java:577)
at org.testng.internal.invokers.MethodInvocationHelper.invokeMethod(MethodInvocationHelper.java:139)
at org.testng.internal.invokers.TestInvoker.invokeMethod(TestInvoker.java:677)
at org.testng.internal.invokers.TestInvoker.invokeTestMethod(TestInvoker.java:221)
at org.testng.internal.invokers.MethodRunner.runInSequence(MethodRunner.java:50)
at org.testng.internal.invokers.TestInvoker$MethodInvocationAgent.invoke(TestInvoker.java:962)
at org.testng.internal.invokers.TestInvoker.invokeTestMethods(TestInvoker.java:194)
at org.testng.internal.invokers.TestMethodWorker.invokeTestMethods(TestMethodWorker.java:148)
at org.testng.internal.invokers.TestMethodWorker.run(TestMethodWorker.java:128)
at java.base/java.util.ArrayList.forEach(ArrayList.java:1511)
at org.testng.TestRunner.privateRun(TestRunner.java:806)
at org.testng.TestRunner.run(TestRunner.java:601)
at org.testng.SuiteRunner.runTest(SuiteRunner.java:433)
at org.testng.SuiteRunner.runSequentially(SuiteRunner.java:427)
at org.testng.SuiteRunner.privateRun(SuiteRunner.java:387)
at org.testng.SuiteRunner.run(SuiteRunner.java:330)
at org.testng.SuiteRunnerWorker.runSuite(SuiteRunnerWorker.java:52)
at org.testng.SuiteRunnerWorker.run(SuiteRunnerWorker.java:95)
at org.testng.TestNG.runSuitesSequentially(TestNG.java:1256)
at org.testng.TestNG.runSuitesLocally(TestNG.java:1176)
at org.testng.TestNG.runSuites(TestNG.java:1099)
at org.testng.TestNG.run(TestNG.java:1067)
at org.testng.remote.AbstractRemoteTestNG.run(AbstractRemoteTestNG.java:115)
at org.testng.remote.RemoteTestNG.initAndRun(RemoteTestNG.java:251)
at org.testng.remote.RemoteTestNG.main(RemoteTestNG.java:77)
]]>
            </full-stacktrace>
          </exception> <!-- org.openqa.selenium.InvalidSelectorException -->
          <reporter-output>
          </reporter-output>
        </test-method> <!-- loginProcedure -->
        <test-method is-config="true" signature="closeBrowser()[pri:0, instance:com.facebook.testCases.TC_LogInTest_001_To_004@5fd4f8f5]" started-at="2022-07-15T03:29:00 IST" name="closeBrowser" finished-at="2022-07-15T03:29:03 IST" duration-ms="3821" status="PASS">
          <reporter-output>
          </reporter-output>
        </test-method> <!-- closeBrowser -->
      </class> <!-- com.facebook.testCases.TC_LogInTest_001_To_004 -->
    </test> <!-- fb_login -->
  </suite> <!-- demo -->
</testng-results>
